ERROR:root:打开javascript:;链接失败
ERROR:root:打开https://licaishi.sina.com.cn/html5/act/ganggu/index.html链接失败
ERROR:root:打开https://tianqitong.sina.cn/链接失败
ERROR:root:打开https://dealer.auto.sina.com.cn/price/链接失败
ERROR:root:打开https://db.auto.sina.com.cn/链接失败
ERROR:root:打开https://med.sina.com/链接失败
ERROR:root:打开https://jiaoyi.sina.com.cn/jy/from=langshou链接失败
ERROR:root:打开https://show.sina.com.cn/链接失败
ERROR:root:打开https://db.auto.sina.com.cn/list-2-0-0-0-0-0-0-0-9-0-1.html链接失败
ERROR:root:打开https://edu.sina.com.cn/链接失败
ERROR:root:打开https://photo.auto.sina.com.cn/链接失败
ERROR:root:打开https://chexian.sina.com/链接失败
ERROR:root:打开https://gov.sina.com.cn/链接失败
ERROR:root:打开http://www.bjhd.gov.cn/invest/链接失败
ERROR:root:打开https://med.sina.com/article_detail_103_1_101745.html链接失败
ERROR:root:打开https://med.sina.com/article_detail_111_2_101734.html链接失败
ERROR:root:打开http://blog.sina.com.cn/s/blog_52f9f7530102xk3q.html链接失败
ERROR:root:打开http://blog.sina.com.cn/s/blog_4e5d62450102zvz9.html链接失败
ERROR:root:打开https://med.sina.com/article_detail_103_2_101691.html链接失败
ERROR:root:打开https://med.sina.com/article_detail_103_1_101730.html链接失败
ERROR:root:打开http://edu.sina.com.cn/链接失败
ERROR:root:打开https://sports.sina.com.cn/hotnews/sports/Daily/链接失败
ERROR:root:打开https://db.auto.sina.com.cn/?c=spr_auto_trackid_c6f823d6df89a264链接失败
ERROR:root:打开https://dealer.auto.sina.com.cn/price/?c=spr_auto_trackid_c6f823d6df89a264链接失败
ERROR:root:打开https://sports.sina.com.cn/basketball/nba/2021-07-04/doc-ikqciyzk3442299.shtml链接失败
ERROR:root:打开http://db.auto.sina.com.cn/photo/c99470-1-1-0-0-0.html?c=spr_auto_trackid_c98ac0d18ea39b2c链接失败
ERROR:root:打开http://db.auto.sina.com.cn/photo/c99481-1-1-0-0-0.html?c=spr_auto_trackid_c98ac0d18ea39b2c链接失败
ERROR:root:打开http://db.auto.sina.com.cn/photo/c99493-1-1-0-0-0.html?c=spr_auto_trackid_c98ac0d18ea39b2c链接失败
ERROR:root:打开http://db.auto.sina.com.cn/photo/c99507-1-1-0-0-0.html?c=spr_auto_trackid_c98ac0d18ea39b2c链接失败
ERROR:root:打开https://db.auto.sina.com.cn/?c=spr_auto_trackid_ad25a8b0f4af3a03链接失败
ERROR:root:打开https://db.auto.sina.com.cn/price/?c=spr_auto_trackid_ad25a8b0f4af3a03链接失败
ERROR:root:打开http://sports.sina.com.cn/video/c/j/afccl/链接失败
ERROR:root:打开https://db.auto.sina.com.cn/b88.html?c=spr_auto_trackid_7fbc11c07fa5ce2c链接失败
ERROR:root:打开https://db.auto.sina.com.cn/b320.html?c=spr_auto_trackid_7fbc11c07fa5ce2c链接失败
ERROR:root:打开https://db.auto.sina.com.cn/b208.html?c=spr_auto_trackid_7fbc11c07fa5ce2c链接失败
ERROR:root:打开https://db.auto.sina.com.cn/?c=spr_auto_trackid_7fbc11c07fa5ce2c链接失败
ERROR:root:打开http://db.auto.sina.com.cn/list-0-0-30_50-0-0-0-0-0-9-0-1.html?c=spr_auto_trackid_9623d69400c638b5链接失败
ERROR:root:打开http://db.auto.sina.com.cn/list-2-0-0-0-0-0-0-0-9-0-1.html?c=spr_auto_trackid_9623d69400c638b5链接失败
ERROR:root:打开http://db.auto.sina.com.cn/list-3-0-0-0-0-0-0-0-9-0-1.html?c=spr_auto_trackid_9623d69400c638b5链接失败
ERROR:root:打开http://db.auto.sina.com.cn/list-0-0-0-0-8-0-0-0-9-0-1.html?c=spr_auto_trackid_9623d69400c638b5链接失败
ERROR:root:打开http://db.auto.sina.com.cn/list-0-5-0-0-0-0-0-0-9-0-1.html?c=spr_auto_trackid_9623d69400c638b5链接失败
ERROR:root:打开http://db.auto.sina.com.cn/list-0-7-0-0-0-0-0-0-9-0-1.html?c=spr_auto_trackid_9623d69400c638b5链接失败
ERROR:root:打开http://db.auto.sina.com.cn/estation/?c=spr_auto_trackid_9623d69400c638b5链接失败
ERROR:root:打开http://db.auto.sina.com.cn/estation/list-30_50-0-0.html?c=spr_auto_trackid_9623d69400c638b5链接失败
ERROR:root:打开http://db.auto.sina.com.cn/estation/list-10_20-0-1.html?c=spr_auto_trackid_9623d69400c638b5链接失败
ERROR:root:打开http://db.auto.sina.com.cn/estation/list-0-200_300-0.html?c=spr_auto_trackid_9623d69400c638b5链接失败
ERROR:root:打开http://db.auto.sina.com.cn/estation/list-0-0_100-0.html?c=spr_auto_trackid_9623d69400c638b5链接失败
ERROR:root:打开http://db.auto.sina.com.cn/list-1-0-0-0-3-0-0-0-9-0-1.html?c=spr_auto_trackid_9623d69400c638b5链接失败
ERROR:root:打开http://db.auto.sina.com.cn/estation/list-0-0-2.html?c=spr_auto_trackid_9623d69400c638b5链接失败
ERROR:root:打开http://db.auto.sina.com.cn/list-2-0-0-0-3-0-0-0-9-0-1.html?c=spr_auto_trackid_9623d69400c638b5链接失败
ERROR:root:打开http://db.auto.sina.com.cn/list-3-0-0-0-3-0-0-0-9-0-1.html?c=spr_auto_trackid_9623d69400c638b5链接失败
ERROR:root:打开http://db.auto.sina.com.cn/list-0-7-0-0-3-0-0-0-9-0-1.html?c=spr_auto_trackid_9623d69400c638b5链接失败
ERROR:root:打开http://db.auto.sina.com.cn/estation/list-0-400_9999999-0.html?c=spr_auto_trackid_9623d69400c638b5链接失败
ERROR:root:打开http://licaishi.sina.com.cn/s/%E6%B7%B1%E6%B8%AF%E9%80%9A?ind_id=0&t=1&all=0&fr=finance_top链接失败
ERROR:root:打开https://finance.sina.com.cn/consume/puguangtai/2021-07-03/doc-ikqcfnca4686841.shtml链接失败
ERROR:root:打开http://city.sina.com.cn/focus/t/2021-07-04/detail-ikqciyzk3336597.shtmll链接失败
ERROR:root:打开https://tech.sina.com.cn/zl/链接失败
ERROR:root:打开http://tech.sina.com.cn/chuangshiji/链接失败
ERROR:root:打开http://www.97973.com/链接失败
ERROR:root:打开http://www.97973.com/moxw/2021-01-07/detail-iiznctkf0586459.shtml链接失败
ERROR:root:打开http://blog.sina.com.cn/s/blog_636f644d0102w1sr.html?tj=1链接失败
ERROR:root:打开http://blog.sina.com.cn/s/blog_a1929b370102w543.html?tj=1链接失败
ERROR:root:打开http://www.wan68.com/download/platform链接失败
ERROR:root:打开https://fashion.sina.com.cn/zt_d/checkitout/链接失败
ERROR:root:打开https://dichan.sina.com.cn/链接失败
ERROR:root:打开https://s.weibo.com/weibo?q=%23你和父母眼中的铁饭碗%23&from=default链接失败
ERROR:root:打开https://s.weibo.com/weibo?q=%232021高校录取通知书哪家强%23&from=default链接失败
ERROR:root:打开https://survey.leju.com/4014.html链接失败
ERROR:root:打开https://baby.sina.com.cn/edu/2021-06-28/doc-ikqciyzk1733709.shtml链接失败
ERROR:root:打开http://baby.sina.com.cn/news/list.html链接失败
ERROR:root:打开https://fashion.sina.com.cn/s/fo/2021-04-25/1515/doc-ikmyaawc1703663.shtml链接失败
ERROR:root:打开https://med.sina.com/health/article_detail_103_1_8511.html链接失败
ERROR:root:打开http://www.sina.com.cn/吓得狗狗都跑了链接失败
ERROR:root:打开https://fashion.sina.com.cn/s/ce/2021-02-03/1952/doc-ikftpnny3423498.shtml链接失败
ERROR:root:打开https://med.sina.com/article_detail_101_1_101802.html链接失败
ERROR:root:打开https://travel.sina.com.cn/xinxilan-lvyou/链接失败
ERROR:root:打开https://med.sina.com/health/article_detail_103_1_8510.html链接失败
ERROR:root:打开https://med.sina.com/health/article_detail_103_1_8508.html链接失败
ERROR:root:打开https://med.sina.com/health/article_detail_103_1_8509.html链接失败
ERROR:root:打开https://med.sina.com/health/article_detail_103_1_8504.html链接失败
ERROR:root:打开https://med.sina.com/health/article_detail_103_1_8507.html链接失败
ERROR:root:打开https://med.sina.com/health/article_detail_103_1_8506.html链接失败
ERROR:root:打开https://med.sina.com/health/article_detail_103_1_8505.html链接失败
ERROR:root:打开https://med.sina.com/health/article_detail_103_1_8503.html链接失败
ERROR:root:打开https://med.sina.com/article_detail_103_2_101757.html链接失败
ERROR:root:打开https://med.sina.com/article_detail_103_2_101758.html链接失败
ERROR:root:打开https://med.sina.com/article_detail_103_1_101803.html链接失败
ERROR:root:打开https://med.sina.com/article_detail_103_1_101793.html链接失败
ERROR:root:打开https://med.sina.com/article_detail_102_2_101720.html链接失败
ERROR:root:打开https://med.sina.com/health/article_detail_103_1_8501.html链接失败
ERROR:root:打开https://med.sina.com/health/article_detail_103_1_8499.html链接失败
ERROR:root:打开https://med.sina.com/article_detail_103_1_101741.html链接失败
ERROR:root:打开https://med.sina.com/article_detail_103_2_101754.html链接失败
ERROR:root:打开http://med.sina.com/health/链接失败
ERROR:root:打开https://med.sina.com/article_detail_100_2_101595.html链接失败
ERROR:root:打开http://med.sina.com/链接失败
ERROR:root:打开https://med.sina.com/article_detail_103_1_101801.html链接失败
ERROR:root:打开https://med.sina.com/article_detail_103_1_101395.html链接失败
ERROR:root:打开https://med.sina.com/article_detail_103_1_101756.html链接失败
ERROR:root:打开https://med.sina.com/article_detail_100_2_101673.html链接失败
ERROR:root:打开https://med.sina.com/article_detail_103_2_101664.html链接失败
ERROR:root:打开http://vr.sina.com.cn/news/hot/2021-06-25/doc-ikqcfnca3144713.shtml链接失败
ERROR:root:打开http://astro.sina.com.cn/focus/Capricorn/链接失败
ERROR:root:打开https://career.sina.com.cn/链接失败
ERROR:root:打开http://astro.sina.com.cn/focus/Libra/链接失败
ERROR:root:打开http://whzf.beijing.gov.cn/链接失败
ERROR:root:打开mailto:jubao@vip.sina.com链接失败
ERROR:root:打开javascript:;链接失败
INFO:root:javascript:;  [0]
ERROR:root:打开javascript:void(0);链接失败
INFO:root:javascript:void(0);  [0]
INFO:root:http://blog.sina.com.cn/lm/z/app/  [0]
ERROR:root:打开https://licaishi.sina.com.cn/html5/act/ganggu/index.html链接失败
INFO:root:https://licaishi.sina.com.cn/html5/act/ganggu/index.html  [0]
ERROR:root:打开http://www.creditchina.gov.cn/链接失败
INFO:root:https://my.sina.cn/?vt=4&pos=108  [0]
INFO:root:https://sina.cn/index/settings?vt=4&pos=108  [0]
INFO:root:https://sina.cn/?vt=4&pos=108  [0]
INFO:root:https://news.sina.cn/?vt=4&pos=108  [0]
INFO:root:http://www.sina.com.cn  [0]
INFO:root:https://news.sina.cn/kfy.d.html?vt=4&pos=108  [0]
INFO:root:https://so.sina.cn/channel/360/search/  [0]
INFO:root:https://sports.sina.cn/?vt=4&pos=108  [0]
INFO:root:https://finance.sina.cn/?vt=4&pos=108  [0]
INFO:root:https://ent.sina.cn/?vt=4&pos=108  [0]
INFO:root:https://tech.sina.cn/?vt=4&pos=108  [0]
INFO:root:https://mil.sina.cn/?vt=4&pos=108  [0]
INFO:root:https://photo.sina.cn/?vt=4&pos=108  [0]
INFO:root:https://video.sina.cn/?vt=4&pos=108  [0]
INFO:root:https://nba.sina.cn/?vt=4&pos=108  [0]
INFO:root:https://sinanews.sina.cn/h5/festival_free_novel.d.html?ops=2020_0087&vt=4&pos=108  [0]
INFO:root:https://finance.sina.cn/stock?vt=4&pos=108  [0]
ERROR:root:打开javaScript:void(0)链接失败
INFO:root:javaScript:void(0)  [0]
INFO:root:https://ast.sina.cn/?vt=4&pos=108  [0]
INFO:root:https://blog.sina.cn/?vt=4&pos=108  [0]
INFO:root:https://edu.sina.cn/?vt=4&pos=108  [0]
INFO:root:https://eladies.sina.cn/?vt=4&pos=108  [0]
INFO:root:https://auto.sina.cn/?vt=4&pos=108  [0]
INFO:root:https://m.weibo.cn/?vt=4&pos=108  [0]
INFO:root:https://sina.cn/index/nav?vt=4&pos=108  [0]
INFO:root:https://m.leju.com/?vt=4&pos=108#source= m_sina_dbdh&source_ext=sina  [0]
INFO:root:https://news.sina.cn/gn/2021-07-04/detail-ikqcfnca4913846.d.html?vt=4&pos=108  [0]
INFO:root:https://news.sina.cn/gn/2021-07-04/detail-ikqcfnca4888367.d.html?vt=4&pos=108  [0]
INFO:root:https://news.sina.cn/gn/2021-07-02/detail-ikqciyzk3216346.d.html?vt=4&pos=108  [0]
INFO:root:https://news.sina.cn/sh/2021-07-04/detail-ikqcfnca4847079.d.html?vt=4&pos=108  [0]
INFO:root:https://news.sina.cn/gj/2021-07-03/detail-ikqcfnca4779289.d.html?vt=4&pos=108  [0]
INFO:root:https://news.sina.cn/gn/2021-07-02/detail-ikqciyzk3217515.d.html?vt=4&pos=108  [0]
INFO:root:https://k.sina.cn/article_1225899402_4911bd8a001018e2f.html?from=ent&subch=star&vt=4&pos=108  [0]
INFO:root:https://k.sina.cn/article_1147703514_446890da00100waat.html?from=ent&subch=star&vt=4&pos=108  [0]
INFO:root:https://news.sina.cn/zt_d/rsp?vt=4&pos=108  [0]
INFO:root:https://photo.sina.cn/album_1_86058_517049.htm?ch=1&vt=4&pos=108  [0]
INFO:root:https://k.sina.cn/article_6182704574_1708495be00100weqs.html?from=ent&subch=star&vt=4&pos=108  [0]
INFO:root:https://k.sina.cn/article_6182704574_1708495be00100weqt.html?from=ent&subch=star&vt=4&pos=108  [0]
INFO:root:https://k.sina.cn/article_3099016097_b8b73ba101900tn6u.html?from=ent&subch=oent&vt=4&pos=108  [0]
INFO:root:https://sports.sina.cn/nba/2021-07-04/detail-ikqciyzk3447516.d.html?vt=4&pos=108  [0]
INFO:root:https://sports.sina.cn/csl/?vt=4&pos=108  [0]
INFO:root:https://sports.sina.cn/euro2020/2021-07-04/detail-ikqciyzk3401601.d.html?vt=4&pos=108  [0]
INFO:root:https://sports.sina.cn/euro2020/2021-07-04/detail-ikqciyzk3401494.d.html?vt=4&pos=108  [0]
INFO:root:https://sports.sina.cn/euro2020/2021-07-04/detail-ikqciyzk3392821.d.html?vt=4&pos=108  [0]
INFO:root:https://sports.sina.cn/laliga/barcelona/2021-07-04/detail-ikqcfnca4848006.d.html?vt=4&pos=108  [0]
INFO:root:https://sports.sina.cn/premierleague/?vt=4&pos=108  [0]
INFO:root:https://sports.sina.cn/china/2021-07-03/detail-ikqciyzk3373638.d.html?vt=4&pos=108  [0]
INFO:root:https://health.sina.cn/?vt=4&pos=108  [0]
INFO:root:https://sports.sina.cn/f1/motorracing/2021-07-03/detail-ikqciyzk3353944.d.html?vt=4&pos=108  [0]
INFO:root:https://ent.sina.cn/top10/?vt=4&pos=108  [0]
INFO:root:https://sports.sina.cn/others/ticao/2021-07-03/detail-ikqcfnca4759889.d.html?vt=4&pos=108  [0]
INFO:root:https://ent.sina.cn/star/?vt=4&pos=108  [0]
INFO:root:https://photo.sina.cn/album_2_786_268418.htm?ch=2&cid=k&vt=4&pos=108  [0]
INFO:root:https://photo.sina.cn/album_2_730_268439.htm?ch=2&cid=g_euro2020&vt=4&pos=108  [0]
INFO:root:https://photo.sina.cn/album_4_704_358811.htm?ch=4&cid=z%2Fv&vt=4&hd=1&pos=108  [0]
INFO:root:https://photo.sina.cn/?cate=gossip&vt=4&pos=108  [0]
INFO:root:https://photo.sina.cn/album_4_704_358787.htm?ch=4&cid=z%2Fv&vt=4&hd=1&pos=108  [0]
INFO:root:https://photo.sina.cn/album_4_704_358824.htm?ch=4&vt=4&pos=108  [0]
INFO:root:https://www.sinadaxue.cn/?daxuesource=slrk&vt=4&pos=108  [0]
INFO:root:https://finance.sina.cn/zt_d/pzh?vt=4&pos=108  [0]
INFO:root:https://photo.sina.cn/album_4_704_358792.htm?ch=4&vt=4&pos=108  [0]
INFO:root:https://watchlist.sina.cn/?vt=4&pos=108  [0]
ERROR:root:打开https://tech.sina.cn/i/gn/2021-07-03/detail-ikqciyzk3324085.d.html?vt=4&pos=108链接失败
INFO:root:https://tech.sina.cn/i/gn/2021-07-03/detail-ikqciyzk3324085.d.html?vt=4&pos=108  [0]
INFO:root:https://photo.sina.cn/album_4_704_358831.htm?ch=4&vt=4&pos=108  [0]
INFO:root:https://finance.sina.cn/chanjing/gsxw/2021-07-03/detail-ikqciyzk3323280.d.html?vt=4&pos=108  [0]
INFO:root:https://photo.sina.cn/album_4_704_358814.htm?ch=4&vt=4&pos=108  [0]
INFO:root:https://photo.sina.cn/album_4_704_358791.htm?ch=4&vt=4&pos=108  [0]
INFO:root:https://finance.sina.cn/chanjing/gdxw/2021-07-03/detail-ikqcfnca4678378.d.html?vt=4&pos=108  [0]
INFO:root:https://photo.sina.cn/album_4_704_358816.htm?ch=4&vt=4&pos=108  [0]
INFO:root:https://photo.sina.cn/album_9_86514_609500.htm?ch=9&vt=4&pos=108  [0]
INFO:root:https://finance.sina.cn/2021-07-03/detail-ikqciyzk3364105.d.html?vt=4&pos=108  [0]
INFO:root:https://finance.sina.cn/2021-07-03/detail-ikqcfnca4718296.d.html?vt=4&pos=108  [0]
INFO:root:https://finance.sina.cn/china/gncj/2021-07-03/detail-ikqciyzk3346263.d.html?vt=4&pos=108  [0]
INFO:root:https://finance.sina.cn/2021-07-03/detail-ikqcfnca4760057.d.html?vt=4&pos=108  [0]
INFO:root:https://tech.sina.cn/d?vt=4&pos=108  [0]
INFO:root:https://mobile.sina.cn/?vt=4&pos=108  [0]
INFO:root:https://gif.sina.com.cn/?vt=4&pos=108  [0]
INFO:root:https://zhongce.sina.cn/?vt=4&pos=108  [0]
INFO:root:https://photo.sina.cn/album_5_22298_143500.htm?ch=5&cid=mobile&vt=4&pos=108  [0]
INFO:root:https://tech.sina.cn/2021-07-04/detail-ikqcfnca4885690.d.html?vt=4&pos=108  [0]
INFO:root:https://tech.sina.cn/i/gj/2021-07-04/detail-ikqciyzk3449582.d.html?vt=4&pos=108  [0]
INFO:root:https://tech.sina.cn/d/tk/2021-07-04/detail-ikqciyzk3450557.d.html?vt=4&pos=108  [0]
INFO:root:https://tech.sina.cn/csj/2021-07-04/doc-ikqciyzk3475417.d.html?vt=4&pos=108  [0]
INFO:root:https://tech.sina.cn/i/gn/2021-07-04/detail-ikqciyzk3414873.d.html?vt=4&pos=108  [0]
INFO:root:https://photo.sina.cn/album_5_453_143493.htm?ch=5&cid=d&vt=4&pos=108  [0]
INFO:root:https://auto.sina.cn/estation/?c=spr_auto_trackid_1eda9d85611eb615&vt=4&pos=108  [0]
INFO:root:https://tech.sina.cn/csj/2021-07-04/doc-ikqciyzk3488972.d.html?vt=4&pos=108  [0]
INFO:root:https://auto.sina.cn/?vt=4&vs=3&pos=108  [0]
INFO:root:https://db.auto.sina.cn/hb/cars/newcar/?vt=4&pos=108  [0]
INFO:root:https://auto.sina.cn/video/?vt=4&pos=108  [0]
INFO:root:https://auto.sina.cn/estation/?c=spr_auto_trackid_241bb75d212f64fb&vt=4&pos=108  [0]
INFO:root:https://db.auto.sina.cn/hb/cars/mpv/?c=spr_auto_trackid_a383602091f2e71e&vt=4&pos=108  [0]
INFO:root:https://db.auto.sina.cn/hb/cars/suv/?c=spr_auto_trackid_a383602091f2e71e&vt=4&pos=108  [0]
INFO:root:https://db.auto.sina.cn/hb/cars/result/8/?c=spr_auto_trackid_a383602091f2e71e&vt=4&pos=108  [0]
INFO:root:https://db.auto.sina.cn/photo/c99472-1-1-0-0-0.html?vt=4&pos=108  [0]
INFO:root:https://db.auto.sina.cn/hb/cars/newcar/?c=spr_auto_trackid_a383602091f2e71e&vt=4&pos=108  [0]
INFO:root:https://auto.sina.cn/zz/hy/2021-07-03/detail-ikqcfnca4773119.d.html?vt=4&pos=108  [0]
INFO:root:https://auto.sina.cn/zz/xc/2021-07-04/detail-ikqciyzk3436865.d.html?vt=4&pos=108  [0]
INFO:root:https://db.auto.sina.cn/photo/c99483-1-1-0-0-0.html?vt=4&pos=108  [0]
INFO:root:https://auto.sina.cn/news/hy/2021-07-03/detail-ikqciyzk3354894.d.html?vt=4&pos=108  [0]
INFO:root:https://auto.sina.cn/newcar/x/2021-07-03/detail-ikqciyzk3343055.d.html?vt=4&pos=108  [0]
INFO:root:https://auto.sina.cn/newcar/x/2021-07-03/detail-ikqcfnca4702157.d.html?vt=4&pos=108  [0]
INFO:root:https://auto.sina.cn/newcar/j/2021-07-03/detail-ikqcfnca4719457.d.html?vt=4&pos=108  [0]
INFO:root:https://auto.sina.cn/zz/xc/2021-07-04/detail-ikqciyzk3322413.d.html?vt=4&pos=108  [0]
INFO:root:https://guba.sina.cn/?vt=4&pos=108&cid=76524  [0]
INFO:root:https://jmqmil.sina.cn/?vt=4&pos=108  [0]
INFO:root:https://edu.sina.cn/zt_d/xyh?vt=4&pos=108  [0]
INFO:root:https://mil.sina.cn/sd/?vt=4&pos=108  [0]
INFO:root:https://mil.sina.cn/2021-07-03/detail-ikqciyzk3346591.d.html?vt=4&pos=108  [0]
INFO:root:https://photo.sina.cn/channel?ch=8&cid=65898&vt=4&pos=108  [0]
INFO:root:https://mil.sina.cn/dgby/2021-07-03/detail-ikqciyzk3370639.d.html?vt=4&pos=108  [0]
INFO:root:https://mil.sina.cn/2021-07-03/detail-ikqciyzk3343375.d.html?vt=4&pos=108  [0]
INFO:root:https://mil.sina.cn/2021-07-03/detail-ikqcfnca4755155.d.html?vt=4&pos=108  [0]
INFO:root:https://mil.sina.cn/2021-07-03/detail-ikqciyzk3343386.d.html?vt=4&pos=108  [0]
INFO:root:https://mil.sina.cn/2021-07-03/detail-ikqciyzk3367684.d.html?vt=4&pos=108  [0]
INFO:root:https://finance.sina.cn/blog?vt=4&pos=108  [0]
INFO:root:https://photo.sina.cn/album_8_207_99610.htm?ch=8&cid=l&vt=4&pos=108  [0]
INFO:root:https://photo.sina.cn/album_8_198_99613.htm?ch=8&cid=h&vt=4&pos=108  [0]
INFO:root:https://blog.sina.cn/lx?vt=4&pos=108  [0]
INFO:root:https://blog.sina.cn/cul?vt=4&pos=108  [0]
INFO:root:https://mil.sina.cn/2021-07-03/detail-ikqciyzk3343459.d.html?vt=4&pos=108  [0]
INFO:root:http://blog.sina.cn/?vt=4&pos=108  [0]
INFO:root:http://blog.sina.cn/dpool/blog/s/blog_1515cbfd80102z2pl.html?beigao=blog&vt=4&pos=108  [0]
INFO:root:https://photo.sina.cn/channel?ch=11&vt=4&pos=108  [0]
INFO:root:https://edu.sina.cn/gaokao/?vt=4&pos=108  [0]
INFO:root:http://blog.sina.cn/dpool/blog/s/blog_a8baeede0103001g.html?beigao=blog&vt=4&pos=108  [0]
INFO:root:http://blog.sina.cn/dpool/blog/s/blog_679de4e20102yxm5.html?beigao=blog&vt=4&pos=108  [0]
INFO:root:http://blog.sina.cn/dpool/blog/s/blog_4a793a200102z4cc.html?beigao=blog&vt=4&pos=108  [0]
INFO:root:http://blog.sina.cn/dpool/blog/s/blog_70b01ac50102yr4q.html?beigao=blog&vt=4&pos=108  [0]
INFO:root:http://blog.sina.cn/dpool/blog/s/blog_4630de730102znjs.html?beigao=blog&vt=4&pos=108  [0]
INFO:root:https://edu.sina.cn/2021-07-01/detail-ikqcfnca4324601.d.html?vt=4&pos=108  [0]
INFO:root:https://edu.sina.cn/2021-07-01/detail-ikqciyzk2922970.d.html?vt=4&pos=108  [0]
INFO:root:http://zhiyuan.edu.sina.cn/?vt=4&pos=108  [0]
INFO:root:https://edu.sina.cn/gaokao/gkrx/2021-07-01/detail-ikqcfnca4326418.d.html?vt=4&pos=108  [0]
INFO:root:http://p.ast.sina.cn/?vt=4&pos=108  [0]
INFO:root:https://edu.sina.cn/2021-07-01/detail-ikqciyzk2907953.d.html?vt=4&pos=108  [0]
INFO:root:https://edu.sina.cn/zxx/zxxzx/2021-07-01/detail-ikqcfnca4329897.d.html?vt=4&pos=108  [0]
INFO:root:https://edu.sina.cn/a/lxcg/2021-07-01/detail-ikqcfnca4313685.d.html?vt=4&pos=108  [0]
INFO:root:https://fashion.sina.cn/?vt=4&pos=108  [0]
INFO:root:https://edu.sina.cn/gaokao/gkrx/2021-07-01/detail-ikqciyzk2930100.d.html?vt=4&pos=108  [0]
INFO:root:https://fashion.sina.cn/b/sk/2021-07-01/detail-ikftssap9346639.d.html?vt=4&pos=108  [0]
INFO:root:https://fashion.sina.cn/2021-07-01/detail-ikqcfnca4357538.d.html?vt=4&pos=108  [0]
INFO:root:https://fashion.sina.cn/b/mk/2021-07-02/detail-ikqciyzk3126270.d.html?vt=4&pos=108  [0]
INFO:root:https://video.sina.cn/astro/2021-06-25/detail-ikqciyzk1858055.d.html?vt=4&pos=108  [0]
INFO:root:https://fashion.sina.cn/s/ce/2021-01-11/detail-iiznctkf1529824.d.html?vt=4&pos=108  [0]
INFO:root:https://fashion.sina.cn/2021-07-03/detail-ikqciyzk1765408.d.html?vt=4&pos=108  [0]
INFO:root:https://fashion.sina.cn/s/ce/2021-01-11/detail-iiznctkf1519841.d.html?vt=4&pos=108  [0]
INFO:root:https://fashion.sina.cn/s/ac/2021-07-03/detail-ikqcfnca4339536.d.html?vt=4&pos=108  [0]
INFO:root:https://baby.sina.cn/?vt=4&pos=108  [0]
INFO:root:https://healthnews.sina.cn/healthcare/?vt=4&pos=108  [0]
INFO:root:https://collection.sina.cn/?vt=4&pos=108  [0]
INFO:root:https://baby.sina.cn/zt_d/yitangke?vt=4&pos=108  [0]
INFO:root:https://m.weibo.cn/search?containerid=231522type%3D1%26q%3D%23%E5%A5%BD%E7%89%A9V%E8%B5%8F%23&vt=4&pos=108  [0]
INFO:root:https://baby.sina.cn/baike/2021-03-09/detail-ikkntiak6279536.d.html?vt=4&pos=108  [0]
INFO:root:https://baby.sina.cn/baike/2021-03-09/detail-ikkntiak6283883.d.html?vt=4&pos=108  [0]
INFO:root:https://photo.sina.cn/album_52_42283_99551.htm?ch=52&vt=4&pos=108  [0]
INFO:root:https://baby.sina.cn/mygz/2021-03-09/detail-ikkntiak6253575.d.html?vt=4&pos=108  [0]
INFO:root:https://baby.sina.cn/mygz/2021-03-09/detail-ikknscsh9415470.d.html?vt=4&pos=108  [0]
INFO:root:https://baby.sina.cn/baike/2021-03-09/detail-ikkntiak6314639.d.html?vt=4&pos=108  [0]
INFO:root:https://bn.sina.cn/?vt=4&pos=108  [0]
INFO:root:https://baby.sina.cn/mygz/2021-03-09/detail-ikkntiak6503339.d.html?vt=4&pos=108  [0]
INFO:root:https://baby.sina.cn/baike/2021-03-09/detail-ikknscsh9231810.d.html?vt=4&pos=108  [0]
INFO:root:https://video.sina.cn/ent?vt=4&pos=108  [0]
INFO:root:https://video.sina.cn/news/2021-07-04/detail-ikqciyzk3495194.d.html?vt=4&pos=108  [0]
INFO:root:https://video.sina.cn/mangotv.d.html?vt=4&pos=108  [0]
INFO:root:https://video.sina.cn/news/2021-07-04/detail-ikqcfnca4900419.d.html?vt=4&pos=108  [0]
INFO:root:https://video.sina.cn/news/2021-07-04/detail-ikqciyzk3498302.d.html?vt=4&pos=108  [0]
INFO:root:https://video.sina.cn/news/2021-07-04/detail-ikqciyzk3491154.d.html?vt=4&pos=108  [0]
INFO:root:https://video.sina.cn/news/2021-07-04/detail-ikqciyzk3485843.d.html?vt=4&pos=108  [0]
INFO:root:https://video.sina.cn/news/2021-07-04/detail-ikqciyzk3482285.d.html?vt=4&pos=108  [0]
INFO:root:https://video.sina.cn/news/2021-07-04/detail-ikqciyzk3486900.d.html?vt=4&pos=108  [0]
INFO:root:https://video.sina.cn/news/2021-07-04/detail-ikqciyzk3486599.d.html?vt=4&pos=108  [0]
INFO:root:https://games.sina.cn/wm/comos_index.shtml?vt=4&pos=108  [0]
INFO:root:https://games.sina.cn/?vt=4&pos=108  [0]
INFO:root:https://video.sina.cn/news/2021-07-04/detail-ikqcfnca4881006.d.html?vt=4&pos=108  [0]
INFO:root:http://wap.97973.com/?vt=4&pos=108  [0]
INFO:root:https://dj.sina.com.cn/?vt=4&pos=108  [0]
INFO:root:https://games.sina.cn/gn/ol/2021-06-30/detail-ikqciyzk2715436.d.html?vt=4&pos=108  [0]
INFO:root:https://games.sina.cn/gn/vi/2021-06-28/detail-ikqciyzk2287692.d.html?vt=4&pos=108  [0]
INFO:root:http://travel.sina.cn/?vt=4&pos=108  [0]
INFO:root:https://games.sina.com.cn/t/n/2021-06-28/kqcfnca3686498.shtml?vt=4&pos=108  [0]
INFO:root:https://games.sina.cn/gn/vi/2021-06-28/detail-ikqcfnca3688706.d.html?vt=4&pos=108  [0]
INFO:root:https://games.sina.cn/pi/pf/2021-06-30/detail-ikqciyzk2752759.d.html?vt=4&pos=108  [0]
INFO:root:http://travel.sina.cn/slide/slide_index.d.html?vt=4&pos=108  [0]
INFO:root:http://travel.sina.cn/video/video_list.d.html?vt=4&pos=108  [0]
INFO:root:https://games.sina.cn/gn/vi/2021-06-18/detail-ikqciyzk0329467.d.html?vt=4&pos=108  [0]
INFO:root:https://games.sina.cn/gn/vi/2021-06-28/detail-ikqcfnca3713887.d.html?vt=4&pos=108  [0]
INFO:root:https://games.sina.cn/gn/vi/2021-06-28/detail-ikqcfnca3725133.d.html?vt=4&pos=108  [0]
INFO:root:http://travel.sina.cn/itinerary/toutiao_list.d.html?vt=4&pos=108  [0]
INFO:root:https://games.sina.com.cn/t/n/2021-06-28/kqciyzk2287692.shtml?vt=4&pos=108  [0]
INFO:root:https://travel.sina.cn/domestic/news/2021-07-01/detail-ikqcfnca4370265.d.html?vt=4&pos=108  [0]
INFO:root:https://travel.sina.cn/domestic/news/2021-07-01/detail-ikqcfnca4376763.d.html?vt=4&pos=108  [0]
INFO:root:https://travel.sina.cn/domestic/news/2021-06-29/detail-ikqciyzk2540948.d.html?vt=4&pos=108  [0]
INFO:root:https://travel.sina.cn/domestic/news/2021-06-24/detail-ikqcfnca2916815.d.html?vt=4&pos=108  [0]
INFO:root:https://travel.sina.cn/domestic/news/2021-06-28/detail-ikqciyzk2343167.d.html?vt=4&pos=108  [0]
INFO:root:http://travel.sina.cn/video/hot/2021-06-28/detail-ikqciyzk2326867.d.html?vt=4&pos=108  [0]
INFO:root:https://travel.sina.cn/domestic/news/2021-06-28/detail-ikqciyzk2335135.d.html?vt=4&pos=108  [0]
INFO:root:https://travel.sina.cn/domestic/news/2021-07-01/detail-ikqcfnca4372019.d.html?vt=4&pos=108  [0]
INFO:root:http://travel.sina.cn/video/hot/2021-06-28/detail-ikqciyzk2315476.d.html?vt=4&pos=108  [0]
INFO:root:http://book.sina.cn/dpool/newbook/bookv1/free.php?nwm=book_wap_0003&pos=108&vt=4  [0]
INFO:root:http://book.sina.cn/dpool/newbook/bookv1/readlog.php?nwm=book_wap_0005&pos=108&vt=4  [0]
INFO:root:http://book.sina.cn/dpool/newbook/bookv1/cate_child.php?cate_id=1003&title=%E7%8E%84%E5%B9%BB%E5%A5%87%E5%B9%BB&pos=108&vt=4  [0]
INFO:root:http://book.sina.cn/dpool/newbook/bookv1/cate_child.php?cate_id=1006004&title=%E6%80%BB%E8%A3%81%E8%B1%AA%E9%97%A8&pos=108&vt=4  [0]
INFO:root:http://book.sina.cn/dpool/newbook/bookv1/cate_child.php?cate_id=1006005&title=%E7%A9%BF%E8%B6%8A%E9%87%8D%E7%94%9F&pos=108&vt=4  [0]
INFO:root:http://book.sina.cn/dpool/newbook/bookv1/cate_child.php?cate_id=1036&title=%E9%83%BD%E5%B8%82%E6%A0%A1%E5%9B%AD&pos=108&vt=4  [0]
INFO:root:http://book.sina.cn/dpool/newbook/bookv1/cate.php?pos=108&vt=4  [0]
INFO:root:http://book.sina.cn/?nwm=book_wap_0002&pos=108&vt=4  [0]
INFO:root:http://book.sina.cn/dpool/newbook/bookv1/vipc.php?bid=5433660&cid=10416580&pos=108&vt=4&format=simple&nwm=book_wap_0009&data_id=437324  [0]
INFO:root:http://book.sina.cn/dpool/newbook/bookv1/vipc.php?bid=5431438&cid=10426514&pos=108&vt=4&format=simple&nwm=book_wap_0006&data_id=436890  [0]
INFO:root:http://book.sina.cn/dpool/newbook/bookv1/vipc.php?bid=5510136&cid=10466053&pos=108&vt=4&format=simple&nwm=book_wap_0006&data_id=436889  [0]
INFO:root:http://book.sina.cn/dpool/newbook/bookv1/vipc.php?bid=5431523&cid=10424613&pos=108&vt=4&format=simple&nwm=book_wap_0006&data_id=436888  [0]
INFO:root:http://book.sina.cn/dpool/newbook/bookv1/vipc.php?bid=5433403&cid=10447520&pos=108&vt=4&format=simple&nwm=book_wap_0009&data_id=437201  [0]
INFO:root:http://book.sina.cn/dpool/newbook/bookv1/vipc.php?bid=5431588&cid=10429272&pos=108&vt=4&format=simple&nwm=book_wap_0009&data_id=437325  [0]
INFO:root:http://book.sina.cn/?nwm=book_wap_0004&pos=108&vt=4  [0]
INFO:root:https://news.sina.cn/sh?vt=4&pos=108  [0]
ERROR:root:打开JavaScript:void(0)链接失败
INFO:root:JavaScript:void(0)  [0]
INFO:root:https://joke.sina.cn/?vt=4&pos=108  [0]
INFO:root:https://travel.sina.cn/?vt=4&pos=108  [0]
INFO:root:https://eladies.sina.cn/feel?vt=4&pos=108  [0]
INFO:root:https://k.sina.cn/?vt=4&pos=108  [0]
INFO:root:https://eladies.sina.cn/gossip?vt=4&pos=108  [0]
INFO:root:http://book.sina.cn/dpool/newbook/bookv1/vipc.php?bid=5432391&cid=10412733&pos=108&vt=4&format=simple&nwm=book_wap_0009&data_id=437203  [0]
INFO:root:https://so.sina.cn/palmnews/?id=105&vt=4&pos=108  [0]
INFO:root:http://comic.sina.cn/?vt=4&pos=108  [0]
INFO:root:http://book.sina.cn/dpool/newbook/bookv1/vipc.php?bid=5431516&cid=10433995&pos=108&vt=4&format=simple&nwm=book_wap_0009&data_id=437200  [0]
INFO:root:https://lives.sina.cn/live/live?id=314&live_mg=sports&vt=4&pos=108  [0]
ERROR:root:打开https://tianqitong.sina.cn/链接失败
INFO:root:https://tianqitong.sina.cn/  [0]
INFO:root:https://beian.miit.gov.cn  [0]
INFO:root:http://book.sina.cn/dpool/newbook/bookv1/vipc.php?bid=5432105&cid=10415300&pos=108&vt=4&format=simple&nwm=book_wap_0009&data_id=437195  [0]
INFO:root:https://so.sina.cn/palmnews/web-sinanews-app-download.d.html  [0]
INFO:root:https://sina.cn/?reload=sina  [0]
INFO:root:http://news.sina.com.cn/guide/  [0]
INFO:root:http://www.12377.cn/  [0]
INFO:root:https://zhongce.sina.com.cn/about/app  [0]
INFO:root:https://mail.sina.com.cn/feedback/feedback.php  [0]
INFO:root:https://finance.sina.com.cn/mobile/comfinanceweb.shtml  [0]
INFO:root:http://zhongce.sina.com.cn  [0]
INFO:root:http://sina.com.cn  [0]
INFO:root:https://sina.cn/  [0]
INFO:root:https://mail.sina.com.cn/client/mobile/index.php?suda-key=mail_app&suda-value=login  [0]
INFO:root:http://help.sina.com.cn/index.php?s=commonquestion&a=subview&productid=2  [0]
INFO:root:http://finance.sina.com.cn  [0]
INFO:root:http://www.12321.cn/  [0]
INFO:root:https://vip.sina.com.cn  [0]
INFO:root:https://m.sina.com.cn/m/sinasports.shtml  [0]
INFO:root:http://edu.sina.com.cn  [0]
INFO:root:http://help.sina.com.cn/index.php?s=comquestiondetail&a=view&id=1380  [0]
INFO:root:https://edu.sina.com.cn/app/download.shtml  [0]
INFO:root:https://mail.sina.com.cn/cgi-bin/speeddetect.php  [0]
INFO:root:http://weibo.com/sinamail  [0]
ERROR:root:打开javascript:void(0)链接失败
INFO:root:javascript:void(0)  [0]
INFO:root:http://mail.sina.net  [0]
INFO:root:https://security.weibo.com/iforgot/loginname?entry=freemail  [0]
INFO:root:https://mail.sina.com.cn/register/regmail.php  [0]
INFO:root:https://vdun.weibo.com/report_loss  [0]
INFO:root:https://security.weibo.com/iforgot/loginname?entry=vipmail  [0]
INFO:root:https://mail.sina.com.cn/register/reg_vipmail.php  [0]
INFO:root:https://mail.sina.com.cn/cgi-bin/speeddetect.php?type=vip  [0]
INFO:root:https://vip.sina.com.cn/payment/payonce.php  [0]
INFO:root:https://passport.sinaimg.cn/html/sso/signupagreement_freemail.html  [0]
INFO:root:http://corp.sina.com.cn/eng/  [0]
INFO:root:http://corp.sina.com.cn/chn/  [0]
INFO:root:https://weibo.com  [0]
INFO:root:https://mail.sina.cn/privacy_policy.html  [0]
INFO:root:https://mail.sina.com.cn  [0]
INFO:root:http://www.sina.com.cn/contactus.html  [0]
INFO:root:http://www.sina.com.cn/intro/lawfirm.shtml  [0]
INFO:root:http://www.12321.cn  [0]
INFO:root:http://english.sina.com  [0]
INFO:root:http://help.sina.com.cn/  [0]
INFO:root:http://games.sina.com.cn/guide/  [0]
ERROR:root:打开http://career.sina.com.cn/链接失败
INFO:root:http://career.sina.com.cn/  [0]
INFO:root:http://emarketing.sina.com.cn/  [0]
